Execute Anonymous

================================

string signatureInput = 'eyJhbGciOiJSU0ExXzUiLCJlbmMiOiJBMTI4Q0JDLUhTMjU2In0.dbXxYIJoYFtLqTqzubxgne0wlFW6flseTbvSVG3Wy2tAmllHKiA2BeCuFsQO3ouiXy8vWZg-NFSvokN5QleRa_gSZhfxhoSJ6gJb9s9lma8MbTSH6ka7JyQjZthTGOj60Iym3UXp_pvUMSK2qz79H41iNR8KhTq3QI6EOJYyXjwjZSasZFdkx29sd43a-4ycp0zv8WS7OTDYyJdgAL07Rt7qCAXytWcAu8SS2I6RFjVUyTKXIfoVUwDuSaFqB1l_Ed70v5lSMEwUmsYMK_ktGjg5nAiJR2ri2BCszDJvVJQ1dv6Ux35NE0-imL5VhVjlC4cSDfOSvfzK-I5mqDpJ0g';

system.debug(EncodingUtil.Base64Encode(crypto.signwithcertificate('RSA-SHA256', blob.valueOf(signatureInput), 'REA_Connector')));

================================

31.0 APEX_CODE,DEBUG;APEX_PROFILING,DEBUG;CALLOUT,INFO;DB,INFO;VALIDATION,INFO;WORKFLOW,INFO
Execute Anonymous: string signatureInput = 'eyJhbGciOiJSU0ExXzUiLCJlbmMiOiJBMTI4Q0JDLUhTMjU2In0.dbXxYIJoYFtLqTqzubxgne0wlFW6flseTbvSVG3Wy2tAmllHKiA2BeCuFsQO3ouiXy8vWZg-NFSvokN5QleRa_gSZhfxhoSJ6gJb9s9lma8MbTSH6ka7JyQjZthTGOj60Iym3UXp_pvUMSK2qz79H41iNR8KhTq3QI6EOJYyXjwjZSasZFdkx29sd43a-4ycp0zv8WS7OTDYyJdgAL07Rt7qCAXytWcAu8SS2I6RFjVUyTKXIfoVUwDuSaFqB1l_Ed70v5lSMEwUmsYMK_ktGjg5nAiJR2ri2BCszDJvVJQ1dv6Ux35NE0-imL5VhVjlC4cSDfOSvfzK-I5mqDpJ0g';
Execute Anonymous: 
Execute Anonymous: system.debug(EncodingUtil.Base64Encode(crypto.signwithcertificate('RSA-SHA256', blob.valueOf(signatureInput), 'REA_Connector')));
12:38:46.15 (15919298)|USER_INFO|[EXTERNAL]|00528000003Uzze|rea4sf@prolytics.com.au|Australian Eastern Standard Time|GMT+10:00
12:38:46.15 (15948330)|EXECUTION_STARTED
12:38:46.15 (15960503)|CODE_UNIT_STARTED|[EXTERNAL]|execute_anonymous_apex
12:38:46.15 (26586712)|USER_DEBUG|[3]|DEBUG|VDqVsM5o5ocq6UO2FYNT1/SWbhKylTBm48WizrHXVJPCtxcpCEu4UkfCG/EPERGHjHa189fuXpQWcCVS0kA9xi5QFmNFeyYlV5w90hb2fF2YKCUKMAkZmWonU8pkXA6l6EAvrad5qiCZA3o6aZ5XhsWXhxjjlz/rSoHs4dGTl7TV5oljlj+mE2u7EU+MXCH1Z1MNgXMwtNQgo9lrr8kXAoJIvxouk9TuwizCIq55HFRvfuo8whWzN1aidg09wIjnOxzOHikuCyxWsyzFto0EFBf458M4rvv2LUkQMDgiI7yylMRPQ5NLL/7k4plAwseAHb9/kiz9g8zXIIG6nNISLQ==
12:38:46.26 (26654894)|CUMULATIVE_LIMIT_USAGE
12:38:46.26 (26654894)|LIMIT_USAGE_FOR_NS|(default)|
  Number of SOQL queries: 0 out of 100
  Number of query rows: 0 out of 50000
  Number of SOSL queries: 0 out of 20
  Number of DML statements: 0 out of 150
  Number of DML rows: 0 out of 10000
  Maximum CPU time: 0 out of 10000
  Maximum heap size: 0 out of 6000000
  Number of callouts: 0 out of 100
  Number of Email Invocations: 0 out of 10
  Number of future calls: 0 out of 50
  Number of queueable jobs added to the queue: 0 out of 50
  Number of Mobile Apex push calls: 0 out of 10

12:38:46.26 (26654894)|CUMULATIVE_LIMIT_USAGE_END

12:38:46.15 (26725366)|CODE_UNIT_FINISHED|execute_anonymous_apex
12:38:46.15 (28259938)|EXECUTION_FINISHED