Execute Anonymous

================================

string signatureInput = 'eyJ0eXAiOiJKV1QiLCJhbGciOiJSUzI1NiJ9.eyJsZWFkcyI6W3siYWdlbmN5X2lkIjoiWFlaQUJDIiwiYWdlbnRfcmVjaXBpZW50cyI6WyJhZ2VudDFAYWdlbmN5LmNvbSIsImFnZW50MkBhZ2VuY3kuY29tIl0sInNlbnRfYXQiOiIyMDE2LTA1LTA1VDA2OjIwOjAzWiIsInJlYV9wcmltYXJ5X2tleSI6Ijk5ODg3NyIsInJlYV9saXN0aW5nX2lkIjoiMTIzNDU2NzgiLCJyZWFfcGFyZW50X2lkIjoiIiwiY29uc3VtZXJfbmFtZSI6IlRvbSBKb25lcyIsImVtYWlsIjoidG9tam9uZXMwMDFAaG90bWFpbC5jb20iLCJwaG9uZSI6IjAyOTE5MTMzNDQiLCJsaXN0aW5nX2FkZHJlc3MiOiI1MTEgQ2h1cmNoIFN0IFJpY2htb25kLCBWSUMgMzEyMSIsImNvbW1lbnRzIjoiSSBhbSBpbnRlcmVzdGVkIGluIHRoaXMgcHJvcGVydHkuIFBsZXNhZSBjYWxsIiwiYWJvdXRfbWUiOiJBYm91dCBtZSIsInByZWZlcnJlZF9jb250YWN0X21ldGhvZCI6IlBob25lIiwiZW5xdWlyeV9zb3VyY2UiOiJyZWFsZXN0YXRlLmNvbS5hdSJ9XX0';

string ReaPublicKey = 'MIICIjANBgkqhkiG9w0BAQEFAAOCAg8AMIICCgKCAgEApXkTf3JcGKUKpqem/TRl'
+ 'q5Pl1u8a/wxlqfMtj46IzQaat+IhT7lT8/+KNIJ5JLJP76PLKve2rKzSdY99P7ZZ'
+ '8G0+IEsguf1RKfZEJdpCFn9FXGAUg4Xcx48LUPZh2+1xYcGpOTZTLmOBavD/tS4j'
+ 'iII/kQxBgzG84siLIIfLTyCLTti/G3FKlO9X7Uat2gKeKSVF7+1m5v+UoPnUpnwc'
+ 'iQnLTKxguLXz5NWUc7ADz8aNGUJpYjGxXp8zJALzF/CtXEsgKZR4bRmy7YHLKdjq'
+ 'bLiUlfM8rsQrYRj0RNVIe8PE3vDQAUAZToDCJ3F8EIZBRRtHLEndKoajDEPBItRN'
+ 'zLnyvwtRQlKS/aYJxwsWdjW15L2xLeRnXZbI96TzBr/T9OCSzpNNg1bHSFDhDuvG'
+ '0aWCFCG4pq1Dd1g/bcT/zxGr+0+Y+Zy0K0zKjgTMkMX7jxUEgcjCoffwPBrwKGy9'
+ 'qfC58kOOLp9afIQ0n5DbH1RQsVrVgmbetxi+JBK75R1Wz+dA5y1zKN3tMQinr4BH'
+ 'CYsTeAorCuLxPqzh8jVHXq695YRVstnbfRfg/m0EfX/5wpmqas0etfEG5bztezqq'
+ 'JG6dRCQxafVc70IHlmMV3IR/ys98NTCPo4rTSna+zRGt8hlk36bM6ilBTtPJ8ZZm'
+ 'DwvN9VJLdA5jODyLc8pNKJcCAwEAAQ==';

system.debug(string.valueOf(EncodingUtil.Base64Decode(reaPublicKey)));

system.debug(EncodingUtil.Base64Encode(Crypto.generateMac('HMACSHA256', blob.valueOf(signatureInput), EncodingUtil.Base64Decode(reaPublicKey))));

================================

31.0 APEX_CODE,DEBUG;APEX_PROFILING,DEBUG;CALLOUT,INFO;DB,INFO;VALIDATION,INFO;WORKFLOW,INFO
Execute Anonymous: string signatureInput = 'eyJ0eXAiOiJKV1QiLCJhbGciOiJSUzI1NiJ9.eyJsZWFkcyI6W3siYWdlbmN5X2lkIjoiWFlaQUJDIiwiYWdlbnRfcmVjaXBpZW50cyI6WyJhZ2VudDFAYWdlbmN5LmNvbSIsImFnZW50MkBhZ2VuY3kuY29tIl0sInNlbnRfYXQiOiIyMDE2LTA1LTA1VDA2OjIwOjAzWiIsInJlYV9wcmltYXJ5X2tleSI6Ijk5ODg3NyIsInJlYV9saXN0aW5nX2lkIjoiMTIzNDU2NzgiLCJyZWFfcGFyZW50X2lkIjoiIiwiY29uc3VtZXJfbmFtZSI6IlRvbSBKb25lcyIsImVtYWlsIjoidG9tam9uZXMwMDFAaG90bWFpbC5jb20iLCJwaG9uZSI6IjAyOTE5MTMzNDQiLCJsaXN0aW5nX2FkZHJlc3MiOiI1MTEgQ2h1cmNoIFN0IFJpY2htb25kLCBWSUMgMzEyMSIsImNvbW1lbnRzIjoiSSBhbSBpbnRlcmVzdGVkIGluIHRoaXMgcHJvcGVydHkuIFBsZXNhZSBjYWxsIiwiYWJvdXRfbWUiOiJBYm91dCBtZSIsInByZWZlcnJlZF9jb250YWN0X21ldGhvZCI6IlBob25lIiwiZW5xdWlyeV9zb3VyY2UiOiJyZWFsZXN0YXRlLmNvbS5hdSJ9XX0';
Execute Anonymous: 
Execute Anonymous: string ReaPublicKey = 'MIICIjANBgkqhkiG9w0BAQEFAAOCAg8AMIICCgKCAgEApXkTf3JcGKUKpqem/TRl'
Execute Anonymous: + 'q5Pl1u8a/wxlqfMtj46IzQaat+IhT7lT8/+KNIJ5JLJP76PLKve2rKzSdY99P7ZZ'
Execute Anonymous: + '8G0+IEsguf1RKfZEJdpCFn9FXGAUg4Xcx48LUPZh2+1xYcGpOTZTLmOBavD/tS4j'
Execute Anonymous: + 'iII/kQxBgzG84siLIIfLTyCLTti/G3FKlO9X7Uat2gKeKSVF7+1m5v+UoPnUpnwc'
Execute Anonymous: + 'iQnLTKxguLXz5NWUc7ADz8aNGUJpYjGxXp8zJALzF/CtXEsgKZR4bRmy7YHLKdjq'
Execute Anonymous: + 'bLiUlfM8rsQrYRj0RNVIe8PE3vDQAUAZToDCJ3F8EIZBRRtHLEndKoajDEPBItRN'
Execute Anonymous: + 'zLnyvwtRQlKS/aYJxwsWdjW15L2xLeRnXZbI96TzBr/T9OCSzpNNg1bHSFDhDuvG'
Execute Anonymous: + '0aWCFCG4pq1Dd1g/bcT/zxGr+0+Y+Zy0K0zKjgTMkMX7jxUEgcjCoffwPBrwKGy9'
Execute Anonymous: + 'qfC58kOOLp9afIQ0n5DbH1RQsVrVgmbetxi+JBK75R1Wz+dA5y1zKN3tMQinr4BH'
Execute Anonymous: + 'CYsTeAorCuLxPqzh8jVHXq695YRVstnbfRfg/m0EfX/5wpmqas0etfEG5bztezqq'
Execute Anonymous: + 'JG6dRCQxafVc70IHlmMV3IR/ys98NTCPo4rTSna+zRGt8hlk36bM6ilBTtPJ8ZZm'
Execute Anonymous: + 'DwvN9VJLdA5jODyLc8pNKJcCAwEAAQ==';
Execute Anonymous: 
Execute Anonymous: system.debug(string.valueOf(EncodingUtil.Base64Decode(reaPublicKey)));
Execute Anonymous: 
Execute Anonymous: system.debug(EncodingUtil.Base64Encode(Crypto.generateMac('HMACSHA256', blob.valueOf(signatureInput), EncodingUtil.Base64Decode(reaPublicKey))));
11:47:11.16 (16284989)|USER_INFO|[EXTERNAL]|00528000003Uzze|rea4sf@prolytics.com.au|Australian Eastern Standard Time|GMT+10:00
11:47:11.16 (16323500)|EXECUTION_STARTED
11:47:11.16 (16333319)|CODE_UNIT_STARTED|[EXTERNAL]|execute_anonymous_apex
11:47:11.16 (17419529)|USER_DEBUG|[16]|DEBUG|Blob[550]
11:47:11.16 (17789284)|USER_DEBUG|[18]|DEBUG|Sd+9DI9Ja+MlOukx8qr1ANNVHDCFxeJAPFinJGuXtRs=
11:47:11.17 (17886372)|CUMULATIVE_LIMIT_USAGE
11:47:11.17 (17886372)|LIMIT_USAGE_FOR_NS|(default)|
  Number of SOQL queries: 0 out of 100
  Number of query rows: 0 out of 50000
  Number of SOSL queries: 0 out of 20
  Number of DML statements: 0 out of 150
  Number of DML rows: 0 out of 10000
  Maximum CPU time: 0 out of 10000
  Maximum heap size: 0 out of 6000000
  Number of callouts: 0 out of 100
  Number of Email Invocations: 0 out of 10
  Number of future calls: 0 out of 50
  Number of queueable jobs added to the queue: 0 out of 50
  Number of Mobile Apex push calls: 0 out of 10

11:47:11.17 (17886372)|CUMULATIVE_LIMIT_USAGE_END

11:47:11.16 (17942309)|CODE_UNIT_FINISHED|execute_anonymous_apex
11:47:11.16 (19220784)|EXECUTION_FINISHED